<?xml version="1.0" encoding="UTF-8"?>
<!-- Generated by org.testng.reporters.JUnitReportReporter -->
<testsuite hostname="DESKTOP-DVOU1D4" failures="0" tests="4" name="uniTest.Priority_Google_Search" time="8.535" errors="0" timestamp="2021-09-17T22:30:51 EDT" skipped="0">
  <testcase classname="uniTest.Priority_Google_Search" name="openBrowser" time="2.982"/>
  <system-out/>
  <testcase classname="uniTest.Priority_Google_Search" name="launchGoogle" time="3.935"/>
  <system-out/>
  <testcase classname="uniTest.Priority_Google_Search" name="peformSeachAndClick1stLink" time="1.601"/>
  <system-out/>
  <testcase classname="uniTest.Priority_Google_Search" name="FaceBookPageTitleVerification" time="0.017"/>
  <system-out/>
</testsuite> <!-- uniTest.Priority_Google_Search -->
